android/app/build/intermediates/manifest_merge_blame_file/debug/manifest-merger-blame-debug-report.txt
1<?xml version="1.0" encoding="utf-8"?>
2<manifest xmlns:android="http://schemas.android.com/apk/res/android"
3    package="com.testapp"
4    android:versionCode="1"
5    android:versionName="1.0" >
6
7    <uses-sdk
8        android:minSdkVersion="21"
9        android:targetSdkVersion="29" />
10
11    <uses-permission android:name="android.permission.SYSTEM_ALERT_WINDOW" />
11-->src/debug/AndroidManifest.xml:5:5-77
11-->src/debug/AndroidManifest.xml:5:22-75
12    <uses-permission android:name="android.permission.INTERNET" />
12-->src/main/AndroidManifest.xml:4:5-67
12-->src/main/AndroidManifest.xml:4:22-64
13    <uses-permission android:name="android.permission.ACCESS_WIFI_STATE" />
13-->[com.facebook.flipper:flipper:0.75.1] AndroidManifest.xml:16:5-76
13-->[com.facebook.flipper:flipper:0.75.1] AndroidManifest.xml:16:22-73
14    <uses-permission android:name="android.permission.ACCESS_NETWORK_STATE" />
14-->[:react-native-community_netinfo] AndroidManifest.xml:9:5-79
14-->[:react-native-community_netinfo] AndroidManifest.xml:9:22-76
15    <uses-permission android:name="android.permission.WAKE_LOCK" /> <!-- Required by older versions of Google Play services to create IID tokens -->
15-->[com.google.firebase:firebase-messaging:22.0.0] AndroidManifest.xml:23:5-68
15-->[com.google.firebase:firebase-messaging:22.0.0] AndroidManifest.xml:23:22-65
16    <uses-permission android:name="com.google.android.c2dm.permission.RECEIVE" />
16-->[com.google.firebase:firebase-messaging:22.0.0] AndroidManifest.xml:25:5-82
16-->[com.google.firebase:firebase-messaging:22.0.0] AndroidManifest.xml:25:22-79
17    <uses-permission android:name="com.google.android.finsky.permission.BIND_GET_INSTALL_REFERRER_SERVICE" /> <!-- for android -->
17-->[com.google.android.gms:play-services-measurement:19.0.0] AndroidManifest.xml:26:5-110
17-->[com.google.android.gms:play-services-measurement:19.0.0] AndroidManifest.xml:26:22-107
18    <!-- <uses-permission android:name="com.android.launcher.permission.READ_SETTINGS"/> -->
19    <!-- <uses-permission android:name="com.android.launcher.permission.WRITE_SETTINGS"/> -->
20    <!-- <uses-permission android:name="com.android.launcher.permission.INSTALL_SHORTCUT" /> -->
21    <!-- <uses-permission android:name="com.android.launcher.permission.UNINSTALL_SHORTCUT" /> -->
22    <!-- for Samsung -->
23    <uses-permission android:name="com.sec.android.provider.badge.permission.READ" />
23-->[me.leolin:ShortcutBadger:1.1.22] AndroidManifest.xml:19:5-86
23-->[me.leolin:ShortcutBadger:1.1.22] AndroidManifest.xml:19:22-83
24    <uses-permission android:name="com.sec.android.provider.badge.permission.WRITE" /> <!-- for htc -->
24-->[me.leolin:ShortcutBadger:1.1.22] AndroidManifest.xml:20:5-87
24-->[me.leolin:ShortcutBadger:1.1.22] AndroidManifest.xml:20:22-84
25    <uses-permission android:name="com.htc.launcher.permission.READ_SETTINGS" />
25-->[me.leolin:ShortcutBadger:1.1.22] AndroidManifest.xml:23:5-81
25-->[me.leolin:ShortcutBadger:1.1.22] AndroidManifest.xml:23:22-78
26    <uses-permission android:name="com.htc.launcher.permission.UPDATE_SHORTCUT" /> <!-- for sony -->
26-->[me.leolin:ShortcutBadger:1.1.22] AndroidManifest.xml:24:5-83
26-->[me.leolin:ShortcutBadger:1.1.22] AndroidManifest.xml:24:22-80
27    <uses-permission android:name="com.sonyericsson.home.permission.BROADCAST_BADGE" />
27-->[me.leolin:ShortcutBadger:1.1.22] AndroidManifest.xml:27:5-88
27-->[me.leolin:ShortcutBadger:1.1.22] AndroidManifest.xml:27:22-85
28    <uses-permission android:name="com.sonymobile.home.permission.PROVIDER_INSERT_BADGE" /> <!-- for apex -->
28-->[me.leolin:ShortcutBadger:1.1.22] AndroidManifest.xml:28:5-92
28-->[me.leolin:ShortcutBadger:1.1.22] AndroidManifest.xml:28:22-89
29    <uses-permission android:name="com.anddoes.launcher.permission.UPDATE_COUNT" /> <!-- for solid -->
29-->[me.leolin:ShortcutBadger:1.1.22] AndroidManifest.xml:31:5-84
29-->[me.leolin:ShortcutBadger:1.1.22] AndroidManifest.xml:31:22-81
30    <uses-permission android:name="com.majeur.launcher.permission.UPDATE_BADGE" /> <!-- for huawei -->
30-->[me.leolin:ShortcutBadger:1.1.22] AndroidManifest.xml:34:5-83
30-->[me.leolin:ShortcutBadger:1.1.22] AndroidManifest.xml:34:22-80
31    <uses-permission android:name="com.huawei.android.launcher.permission.CHANGE_BADGE" />
31-->[me.leolin:ShortcutBadger:1.1.22] AndroidManifest.xml:37:5-91
31-->[me.leolin:ShortcutBadger:1.1.22] AndroidManifest.xml:37:22-88
32    <uses-permission android:name="com.huawei.android.launcher.permission.READ_SETTINGS" />
32-->[me.leolin:ShortcutBadger:1.1.22] AndroidManifest.xml:38:5-92
32-->[me.leolin:ShortcutBadger:1.1.22] AndroidManifest.xml:38:22-89
33    <uses-permission android:name="com.huawei.android.launcher.permission.WRITE_SETTINGS" /> <!-- for ZUK -->
33-->[me.leolin:ShortcutBadger:1.1.22] AndroidManifest.xml:39:5-93
33-->[me.leolin:ShortcutBadger:1.1.22] AndroidManifest.xml:39:22-90
34    <uses-permission android:name="android.permission.READ_APP_BADGE" /> <!-- for OPPO -->
34-->[me.leolin:ShortcutBadger:1.1.22] AndroidManifest.xml:42:5-73
34-->[me.leolin:ShortcutBadger:1.1.22] AndroidManifest.xml:42:22-70
35    <uses-permission android:name="com.oppo.launcher.permission.READ_SETTINGS" />
35-->[me.leolin:ShortcutBadger:1.1.22] AndroidManifest.xml:45:5-82
35-->[me.leolin:ShortcutBadger:1.1.22] AndroidManifest.xml:45:22-79
36    <uses-permission android:name="com.oppo.launcher.permission.WRITE_SETTINGS" /> <!-- for EvMe -->
36-->[me.leolin:ShortcutBadger:1.1.22] AndroidManifest.xml:46:5-83
36-->[me.leolin:ShortcutBadger:1.1.22] AndroidManifest.xml:46:22-80
37    <uses-permission android:name="me.everything.badger.permission.BADGE_COUNT_READ" />
37-->[me.leolin:ShortcutBadger:1.1.22] AndroidManifest.xml:49:5-88
37-->[me.leolin:ShortcutBadger:1.1.22] AndroidManifest.xml:49:22-85
38    <uses-permission android:name="me.everything.badger.permission.BADGE_COUNT_WRITE" />
38-->[me.leolin:ShortcutBadger:1.1.22] AndroidManifest.xml:50:5-89
38-->[me.leolin:ShortcutBadger:1.1.22] AndroidManifest.xml:50:22-86
39
40    <application
40-->src/main/AndroidManifest.xml:6:5-48:19
41        android:name="com.testapp.MainApplication"
41-->src/main/AndroidManifest.xml:7:7-38
42        android:allowBackup="false"
42-->src/main/AndroidManifest.xml:11:7-34
43        android:appComponentFactory="androidx.core.app.CoreComponentFactory"
43-->[androidx.core:core:1.3.2] AndroidManifest.xml:24:18-86
44        android:debuggable="true"
45        android:icon="@mipmap/ic_launcher"
45-->src/main/AndroidManifest.xml:9:7-41
46        android:label="@string/app_name"
46-->src/main/AndroidManifest.xml:8:7-39
47        android:roundIcon="@mipmap/ic_launcher_round"
47-->src/main/AndroidManifest.xml:10:7-52
48        android:theme="@style/AppTheme"
48-->src/main/AndroidManifest.xml:12:7-38
49        android:usesCleartextTraffic="true" >
49-->src/debug/AndroidManifest.xml:8:9-44
50        <activity android:name="com.facebook.react.devsupport.DevSettingsActivity" />
50-->src/debug/AndroidManifest.xml:11:9-86
50-->src/debug/AndroidManifest.xml:11:19-83
51        <activity
51-->src/main/AndroidManifest.xml:13:7-23:18
52            android:name="com.testapp.MainActivity"
52-->src/main/AndroidManifest.xml:14:9-37
53            android:configChanges="keyboard|keyboardHidden|orientation|screenSize|uiMode"
53-->src/main/AndroidManifest.xml:16:9-86
54            android:label="@string/app_name"
54-->src/main/AndroidManifest.xml:15:9-41
55            android:launchMode="singleTask"
55-->src/main/AndroidManifest.xml:17:9-40
56            android:windowSoftInputMode="adjustResize" >
56-->src/main/AndroidManifest.xml:18:9-51
57            <intent-filter>
57-->src/main/AndroidManifest.xml:19:9-22:25
58                <action android:name="android.intent.action.MAIN" />
58-->src/main/AndroidManifest.xml:20:13-65
58-->src/main/AndroidManifest.xml:20:21-62
59
60                <category android:name="android.intent.category.LAUNCHER" />
60-->src/main/AndroidManifest.xml:21:13-73
60-->src/main/AndroidManifest.xml:21:23-70
61            </intent-filter>
62        </activity> <!-- [START Push notification config -->
63        <!-- [START firebase_service] -->
64        <service android:name="com.amazonaws.amplify.pushnotification.RNPushNotificationMessagingService" >
64-->src/main/AndroidManifest.xml:26:10-31:20
64-->src/main/AndroidManifest.xml:27:14-102
65            <intent-filter>
65-->src/main/AndroidManifest.xml:28:14-30:30
66                <action android:name="com.google.firebase.MESSAGING_EVENT" />
66-->src/main/AndroidManifest.xml:29:18-78
66-->src/main/AndroidManifest.xml:29:26-76
67            </intent-filter>
68        </service> <!-- [END firebase_service] -->
69        <!-- [START firebase_iid_service] -->
70        <service android:name="com.amazonaws.amplify.pushnotification.RNPushNotificationDeviceIDService" >
70-->src/main/AndroidManifest.xml:34:10-39:20
70-->src/main/AndroidManifest.xml:35:14-101
71            <intent-filter>
71-->src/main/AndroidManifest.xml:36:14-38:30
72                <action android:name="com.google.firebase.INSTANCE_ID_EVENT" />
72-->src/main/AndroidManifest.xml:37:18-80
72-->src/main/AndroidManifest.xml:37:26-78
73            </intent-filter>
74        </service>
75
76        <receiver
76-->src/main/AndroidManifest.xml:40:10-46:21
77            android:name="com.amazonaws.amplify.pushnotification.modules.RNPushNotificationBroadcastReceiver"
77-->src/main/AndroidManifest.xml:41:14-111
78            android:exported="false" >
78-->src/main/AndroidManifest.xml:42:14-38
79            <intent-filter>
79-->src/main/AndroidManifest.xml:43:14-45:30
80                <action android:name="com.amazonaws.amplify.pushnotification.NOTIFICATION_OPENED" />
80-->src/main/AndroidManifest.xml:44:18-101
80-->src/main/AndroidManifest.xml:44:26-99
81            </intent-filter>
82        </receiver>
83        <!--
84             Receives GooglePlay execution requests and forwards them to the
85             appropriate internal service.
86        -->
87        <service
87-->[com.firebase:firebase-jobdispatcher:0.6.0] AndroidManifest.xml:32:9-39:19
88            android:name="com.firebase.jobdispatcher.GooglePlayReceiver"
88-->[com.firebase:firebase-jobdispatcher:0.6.0] AndroidManifest.xml:33:13-73
89            android:exported="true"
89-->[com.firebase:firebase-jobdispatcher:0.6.0] AndroidManifest.xml:34:13-36
90            android:permission="com.google.android.gms.permission.BIND_NETWORK_TASK_SERVICE" >
90-->[com.firebase:firebase-jobdispatcher:0.6.0] AndroidManifest.xml:35:13-93
91            <intent-filter>
91-->[com.firebase:firebase-jobdispatcher:0.6.0] AndroidManifest.xml:36:13-38:29
92                <action android:name="com.google.android.gms.gcm.ACTION_TASK_READY" />
92-->[com.firebase:firebase-jobdispatcher:0.6.0] AndroidManifest.xml:37:17-87
92-->[com.firebase:firebase-jobdispatcher:0.6.0] AndroidManifest.xml:37:25-84
93            </intent-filter>
94        </service>
95
96        <receiver
96-->[com.google.firebase:firebase-messaging:22.0.0] AndroidManifest.xml:28:9-35:20
97            android:name="com.google.firebase.iid.FirebaseInstanceIdReceiver"
97-->[com.google.firebase:firebase-messaging:22.0.0] AndroidManifest.xml:29:13-78
98            android:exported="true"
98-->[com.google.firebase:firebase-messaging:22.0.0] AndroidManifest.xml:30:13-36
99            android:permission="com.google.android.c2dm.permission.SEND" >
99-->[com.google.firebase:firebase-messaging:22.0.0] AndroidManifest.xml:31:13-73
100            <intent-filter>
100-->[com.google.firebase:firebase-messaging:22.0.0] AndroidManifest.xml:32:13-34:29
101                <action android:name="com.google.android.c2dm.intent.RECEIVE" />
101-->[com.google.firebase:firebase-messaging:22.0.0] AndroidManifest.xml:33:17-81
101-->[com.google.firebase:firebase-messaging:22.0.0] AndroidManifest.xml:33:25-78
102            </intent-filter>
103        </receiver>
104        <!--
105             FirebaseMessagingService performs security checks at runtime,
106             but set to not exported to explicitly avoid allowing another app to call it.
107        -->
108        <service
108-->[com.google.firebase:firebase-messaging:22.0.0] AndroidManifest.xml:41:9-48:19
109            android:name="com.google.firebase.messaging.FirebaseMessagingService"
109-->[com.google.firebase:firebase-messaging:22.0.0] AndroidManifest.xml:42:13-82
110            android:directBootAware="true"
110-->[com.google.firebase:firebase-messaging:22.0.0] AndroidManifest.xml:43:13-43
111            android:exported="false" >
111-->[com.google.firebase:firebase-messaging:22.0.0] AndroidManifest.xml:44:13-37
112            <intent-filter android:priority="-500" >
112-->src/main/AndroidManifest.xml:28:14-30:30
113                <action android:name="com.google.firebase.MESSAGING_EVENT" />
113-->src/main/AndroidManifest.xml:29:18-78
113-->src/main/AndroidManifest.xml:29:26-76
114            </intent-filter>
115        </service>
116        <service
116-->[com.google.firebase:firebase-messaging:22.0.0] AndroidManifest.xml:49:9-55:19
117            android:name="com.google.firebase.components.ComponentDiscoveryService"
117-->[com.google.firebase:firebase-messaging:22.0.0] AndroidManifest.xml:50:13-84
118            android:directBootAware="true"
118-->[com.google.firebase:firebase-common:20.0.0] AndroidManifest.xml:35:13-43
119            android:exported="false" >
119-->[com.google.firebase:firebase-messaging:22.0.0] AndroidManifest.xml:51:13-37
120            <meta-data
120-->[com.google.firebase:firebase-messaging:22.0.0] AndroidManifest.xml:52:13-54:85
121                android:name="com.google.firebase.components:com.google.firebase.messaging.FirebaseMessagingRegistrar"
121-->[com.google.firebase:firebase-messaging:22.0.0] AndroidManifest.xml:53:17-119
122                android:value="com.google.firebase.components.ComponentRegistrar" />
122-->[com.google.firebase:firebase-messaging:22.0.0] AndroidManifest.xml:54:17-82
123            <meta-data
123-->[com.google.firebase:firebase-datatransport:18.0.0] AndroidManifest.xml:28:13-30:85
124                android:name="com.google.firebase.components:com.google.firebase.datatransport.TransportRegistrar"
124-->[com.google.firebase:firebase-datatransport:18.0.0] AndroidManifest.xml:29:17-115
125                android:value="com.google.firebase.components.ComponentRegistrar" />
125-->[com.google.firebase:firebase-datatransport:18.0.0] AndroidManifest.xml:30:17-82
126            <meta-data
126-->[com.google.android.gms:play-services-measurement-api:19.0.0] AndroidManifest.xml:30:13-32:85
127                android:name="com.google.firebase.components:com.google.firebase.analytics.connector.internal.AnalyticsConnectorRegistrar"
127-->[com.google.android.gms:play-services-measurement-api:19.0.0] AndroidManifest.xml:31:17-139
128                android:value="com.google.firebase.components.ComponentRegistrar" />
128-->[com.google.android.gms:play-services-measurement-api:19.0.0] AndroidManifest.xml:32:17-82
129            <meta-data
129-->[com.google.firebase:firebase-installations:17.0.0] AndroidManifest.xml:18:13-20:85
130                android:name="com.google.firebase.components:com.google.firebase.installations.FirebaseInstallationsRegistrar"
130-->[com.google.firebase:firebase-installations:17.0.0] AndroidManifest.xml:19:17-127
131                android:value="com.google.firebase.components.ComponentRegistrar" />
131-->[com.google.firebase:firebase-installations:17.0.0] AndroidManifest.xml:20:17-82
132        </service>
133        <service
133-->[com.google.android.datatransport:transport-backend-cct:3.0.0] AndroidManifest.xml:29:9-35:19
134            android:name="com.google.android.datatransport.runtime.backends.TransportBackendDiscovery"
134-->[com.google.android.datatransport:transport-backend-cct:3.0.0] AndroidManifest.xml:30:13-103
135            android:exported="false" >
135-->[com.google.android.datatransport:transport-backend-cct:3.0.0] AndroidManifest.xml:31:13-37
136            <meta-data
136-->[com.google.android.datatransport:transport-backend-cct:3.0.0] AndroidManifest.xml:32:13-34:39
137                android:name="backend:com.google.android.datatransport.cct.CctBackendFactory"
137-->[com.google.android.datatransport:transport-backend-cct:3.0.0] AndroidManifest.xml:33:17-94
138                android:value="cct" />
138-->[com.google.android.datatransport:transport-backend-cct:3.0.0] AndroidManifest.xml:34:17-36
139        </service>
140
141        <provider
141-->[com.google.firebase:firebase-common:20.0.0] AndroidManifest.xml:26:9-31:39
142            android:name="com.google.firebase.provider.FirebaseInitProvider"
142-->[com.google.firebase:firebase-common:20.0.0] AndroidManifest.xml:27:13-77
143            android:authorities="com.testapp.firebaseinitprovider"
143-->[com.google.firebase:firebase-common:20.0.0] AndroidManifest.xml:28:13-72
144            android:directBootAware="true"
144-->[com.google.firebase:firebase-common:20.0.0] AndroidManifest.xml:29:13-43
145            android:exported="false"
145-->[com.google.firebase:firebase-common:20.0.0] AndroidManifest.xml:30:13-37
146            android:initOrder="100" />
146-->[com.google.firebase:firebase-common:20.0.0] AndroidManifest.xml:31:13-36
147
148        <service
148-->[com.google.android.datatransport:transport-runtime:3.0.0] AndroidManifest.xml:26:9-30:19
149            android:name="com.google.android.datatransport.runtime.scheduling.jobscheduling.JobInfoSchedulerService"
149-->[com.google.android.datatransport:transport-runtime:3.0.0] AndroidManifest.xml:27:13-117
150            android:exported="false"
150-->[com.google.android.datatransport:transport-runtime:3.0.0] AndroidManifest.xml:28:13-37
151            android:permission="android.permission.BIND_JOB_SERVICE" >
151-->[com.google.android.datatransport:transport-runtime:3.0.0] AndroidManifest.xml:29:13-69
152        </service>
153
154        <receiver
154-->[com.google.android.datatransport:transport-runtime:3.0.0] AndroidManifest.xml:32:9-34:40
155            android:name="com.google.android.datatransport.runtime.scheduling.jobscheduling.AlarmManagerSchedulerBroadcastReceiver"
155-->[com.google.android.datatransport:transport-runtime:3.0.0] AndroidManifest.xml:33:13-132
156            android:exported="false" />
156-->[com.google.android.datatransport:transport-runtime:3.0.0] AndroidManifest.xml:34:13-37
157        <receiver
157-->[com.google.android.gms:play-services-measurement:19.0.0] AndroidManifest.xml:29:9-33:20
158            android:name="com.google.android.gms.measurement.AppMeasurementReceiver"
158-->[com.google.android.gms:play-services-measurement:19.0.0] AndroidManifest.xml:30:13-85
159            android:enabled="true"
159-->[com.google.android.gms:play-services-measurement:19.0.0] AndroidManifest.xml:31:13-35
160            android:exported="false" >
160-->[com.google.android.gms:play-services-measurement:19.0.0] AndroidManifest.xml:32:13-37
161        </receiver>
162
163        <service
163-->[com.google.android.gms:play-services-measurement:19.0.0] AndroidManifest.xml:35:9-38:40
164            android:name="com.google.android.gms.measurement.AppMeasurementService"
164-->[com.google.android.gms:play-services-measurement:19.0.0] AndroidManifest.xml:36:13-84
165            android:enabled="true"
165-->[com.google.android.gms:play-services-measurement:19.0.0] AndroidManifest.xml:37:13-35
166            android:exported="false" />
166-->[com.google.android.gms:play-services-measurement:19.0.0] AndroidManifest.xml:38:13-37
167        <service
167-->[com.google.android.gms:play-services-measurement:19.0.0] AndroidManifest.xml:39:9-43:72
168            android:name="com.google.android.gms.measurement.AppMeasurementJobService"
168-->[com.google.android.gms:play-services-measurement:19.0.0] AndroidManifest.xml:40:13-87
169            android:enabled="true"
169-->[com.google.android.gms:play-services-measurement:19.0.0] AndroidManifest.xml:41:13-35
170            android:exported="false"
170-->[com.google.android.gms:play-services-measurement:19.0.0] AndroidManifest.xml:42:13-37
171            android:permission="android.permission.BIND_JOB_SERVICE" />
171-->[com.google.android.gms:play-services-measurement:19.0.0] AndroidManifest.xml:43:13-69
172
173        <meta-data
173-->[com.google.android.gms:play-services-basement:17.0.0] AndroidManifest.xml:23:9-25:69
174            android:name="com.google.android.gms.version"
174-->[com.google.android.gms:play-services-basement:17.0.0] AndroidManifest.xml:24:13-58
175            android:value="@integer/google_play_services_version" />
175-->[com.google.android.gms:play-services-basement:17.0.0] AndroidManifest.xml:25:13-66
176    </application>
177
178</manifest>